<?xml version="1.0" encoding="UTF-8"?>
<!-- Generated by org.testng.reporters.JUnitReportReporter -->
<testsuite skipped="0" hostname="LENOVO-PC" name="page.tests.manu.MenuTest" tests="1" failures="0" timestamp="27 Sep 2019 19:06:53 GMT" time="30.924" errors="0">
  <testcase name="MenuOpcije" time="30.924" classname="page.tests.manu.MenuTest"/>
</testsuite> <!-- page.tests.manu.MenuTest -->
