<?xml version="1.0" encoding="UTF-8"?>
<!-- Generated by org.testng.reporters.JUnitReportReporter -->
<testsuite skipped="0" hostname="LENOVO-PC" name="page.tests.manu.HumanityLoginTest" tests="1" failures="0" timestamp="27 Sep 2019 19:06:53 GMT" time="20.906" errors="0">
  <testcase name="HumanityLogIn" time="20.906" classname="page.tests.manu.HumanityLoginTest"/>
</testsuite> <!-- page.tests.manu.HumanityLoginTest -->
