<?xml version="1.0" encoding="UTF-8"?>
<!-- Generated by org.testng.reporters.JUnitReportReporter -->
<testsuite skipped="0" hostname="LENOVO-PC" name="page.tests.SignOut" tests="1" failures="0" timestamp="26 Sep 2019 19:24:07 GMT" time="29.346" errors="0">
  <testcase name="SignOutTest" time="29.346" classname="page.tests.SignOut"/>
</testsuite> <!-- page.tests.SignOut -->
