<?xml version="1.0" encoding="UTF-8"?>
<!-- Generated by org.testng.reporters.JUnitReportReporter -->
<testsuite skipped="0" hostname="LENOVO-PC" name="page.tests.manu.ProfileTest" tests="1" failures="0" timestamp="27 Sep 2019 19:06:53 GMT" time="44.403" errors="0">
  <testcase name="TestProfile" time="44.403" classname="page.tests.manu.ProfileTest"/>
</testsuite> <!-- page.tests.manu.ProfileTest -->
