<?xml version="1.0" encoding="UTF-8"?>
<!-- Generated by org.testng.reporters.JUnitReportReporter -->
<testsuite skipped="0" hostname="LENOVO-PC" name="page.tests.manu.EditStaffTest" tests="1" failures="0" timestamp="27 Sep 2019 19:06:53 GMT" time="32.707" errors="0">
  <testcase name="FunkcijeEditStaff" time="32.707" classname="page.tests.manu.EditStaffTest"/>
</testsuite> <!-- page.tests.manu.EditStaffTest -->
