<?xml version="1.0" encoding="UTF-8"?>
<!-- Generated by org.testng.reporters.JUnitReportReporter -->
<testsuite skipped="0" hostname="LENOVO-PC" name="page.tests.HumanityLoginTest" tests="1" failures="0" timestamp="26 Sep 2019 16:55:17 GMT" time="24.328" errors="0">
  <testcase name="HumanityLogIn" time="24.328" classname="page.tests.HumanityLoginTest"/>
</testsuite> <!-- page.tests.HumanityLoginTest -->
