<?xml version="1.0" encoding="UTF-8"?>
<!-- Generated by org.testng.reporters.JUnitReportReporter -->
<testsuite skipped="0" hostname="LENOVO-PC" name="page.tests.SettingsTest" tests="1" failures="0" timestamp="26 Sep 2019 18:52:30 GMT" time="30.390" errors="0">
  <testcase name="OpcijeSettings" time="30.390" classname="page.tests.SettingsTest"/>
</testsuite> <!-- page.tests.SettingsTest -->
