<?xml version="1.0" encoding="UTF-8"?>
<!-- Generated by org.testng.reporters.JUnitReportReporter -->
<testsuite skipped="0" hostname="LENOVO-PC" name="page.tests.auto.AddNewEmployeesTest" tests="1" failures="0" timestamp="27 Sep 2019 16:33:30 GMT" time="50.491" errors="0">
  <testcase name="EmpOnTheList" time="50.491" classname="page.tests.auto.AddNewEmployeesTest"/>
</testsuite> <!-- page.tests.auto.AddNewEmployeesTest -->
