<?xml version="1.0" encoding="UTF-8"?>
<!-- Generated by org.testng.reporters.JUnitReportReporter -->
<testsuite skipped="0" hostname="LENOVO-PC" name="page.tests.manu.SettingsTest" tests="1" failures="0" timestamp="27 Sep 2019 19:11:40 GMT" time="32.038" errors="0">
  <testcase name="OpcijeSettings" time="32.038" classname="page.tests.manu.SettingsTest"/>
</testsuite> <!-- page.tests.manu.SettingsTest -->
