<?xml version="1.0" encoding="UTF-8"?>
<!-- Generated by org.testng.reporters.JUnitReportReporter -->
<testsuite skipped="0" hostname="LENOVO-PC" name="page.tests.auto.HumanityLogin" tests="1" failures="0" timestamp="27 Sep 2019 16:33:30 GMT" time="21.457" errors="0">
  <testcase name="HumanityLogIn" time="21.457" classname="page.tests.auto.HumanityLogin"/>
</testsuite> <!-- page.tests.auto.HumanityLogin -->
