<?xml version="1.0" encoding="UTF-8"?>
<!-- Generated by org.testng.reporters.JUnitReportReporter -->
<testsuite skipped="0" hostname="LENOVO-PC" name="page.tests.auto.HumanityLoginNegative" tests="3" failures="0" timestamp="27 Sep 2019 16:33:30 GMT" time="56.927" errors="0">
  <testcase name="WrongPassword" time="21.505" classname="page.tests.auto.HumanityLoginNegative"/>
  <testcase name="WrongEmail" time="20.684" classname="page.tests.auto.HumanityLoginNegative"/>
  <testcase name="NullCase" time="14.738" classname="page.tests.auto.HumanityLoginNegative"/>
</testsuite> <!-- page.tests.auto.HumanityLoginNegative -->
