<?xml version="1.0" encoding="UTF-8"?>
<!-- Generated by org.testng.reporters.JUnitReportReporter -->
<testsuite skipped="0" hostname="LENOVO-PC" name="page.tests.manu.AddNewEmployeeTest" tests="1" failures="0" timestamp="27 Sep 2019 19:06:53 GMT" time="38.819" errors="0">
  <testcase name="DodajZaposlenog" time="38.819" classname="page.tests.manu.AddNewEmployeeTest"/>
</testsuite> <!-- page.tests.manu.AddNewEmployeeTest -->
