<?xml version="1.0" encoding="UTF-8"?>
<!-- Generated by org.testng.reporters.JUnitReportReporter -->
<testsuite skipped="0" hostname="LENOVO-PC" name="page.tests.ProfileTest" tests="1" failures="0" timestamp="26 Sep 2019 19:19:37 GMT" time="45.898" errors="0">
  <testcase name="TestProfile" time="45.898" classname="page.tests.ProfileTest"/>
</testsuite> <!-- page.tests.ProfileTest -->
